\BOOKMARK [1][-]{section.1}{\376\377\163\257\130\203\221\115\177\156}{}% 1
\BOOKMARK [2][-]{subsection.1.1}{\376\377\170\154\116\366\221\115\177\156}{section.1}% 2
\BOOKMARK [2][-]{subsection.1.2}{\376\377\217\157\116\366\221\115\177\156}{section.1}% 3
\BOOKMARK [1][-]{section.2}{\376\377\152\041\127\213\176\323\147\204}{}% 4
\BOOKMARK [2][-]{subsection.2.1}{\376\377\000V\000G\000G}{section.2}% 5
\BOOKMARK [2][-]{subsection.2.2}{\376\377\000R\000e\000s\000N\000e\000t}{section.2}% 6
\BOOKMARK [2][-]{subsection.2.3}{\376\377\000S\000E\000N\000e\000t}{section.2}% 7
\BOOKMARK [1][-]{section.3}{\376\377\117\030\123\026\145\271\154\325}{}% 8
\BOOKMARK [2][-]{subsection.3.1}{\376\377\121\154\121\161\117\030\123\026\220\350\122\006}{section.3}% 9
\BOOKMARK [3][-]{subsubsection.3.1.1}{\376\377\117\030\123\026\126\150}{subsection.3.1}% 10
\BOOKMARK [3][-]{subsubsection.3.1.2}{\376\377\145\160\143\156\130\236\137\072}{subsection.3.1}% 11
\BOOKMARK [2][-]{subsection.3.2}{\376\377\121\166\116\326\117\030\123\026\145\271\154\325}{section.3}% 12
\BOOKMARK [1][-]{section.4}{\376\377\213\255\176\303\217\307\172\013}{}% 13
\BOOKMARK [2][-]{subsection.4.1}{\376\377\145\340\145\160\143\156\130\236\137\072\166\204\140\305\121\265}{section.4}% 14
\BOOKMARK [2][-]{subsection.4.2}{\376\377\147\011\145\160\143\156\130\236\137\072\166\204\140\305\121\265}{section.4}% 15
\BOOKMARK [2][-]{subsection.4.3}{\376\377\217\333\116\000\153\145\130\236\137\072\377\032\117\177\165\050\000K\142\230\116\244\123\311\232\214\213\301\166\204\000S\000w\000i\000n\000\040\000T\000r\000a\000n\000s\000f\000o\000r\000m\000e\000r\152\041\127\213}{section.4}% 16
\BOOKMARK [1][-]{section.5}{\376\377\133\236\232\214\176\323\147\234}{}% 17
\BOOKMARK [1][-]{section.6}{\376\377\142\020\124\130\122\006\135\345}{}% 18
\BOOKMARK [2][-]{subsection.6.1}{\376\377\161\212\134\360}{section.6}% 19
\BOOKMARK [2][-]{subsection.6.2}{\376\377\173\241\120\145\165\067}{section.6}% 20
